ARM GAS  C:\Users\Dell\AppData\Local\Temp\cc2Oe39X.s 			page 1


   1              		.syntax unified
   2              		.cpu cortex-m3
   3              		.fpu softvfp
   4              		.eabi_attribute 20, 1
   5              		.eabi_attribute 21, 1
   6              		.eabi_attribute 23, 3
   7              		.eabi_attribute 24, 1
   8              		.eabi_attribute 25, 1
   9              		.eabi_attribute 26, 1
  10              		.eabi_attribute 30, 1
  11              		.eabi_attribute 34, 1
  12              		.eabi_attribute 18, 4
  13              		.thumb
  14              		.syntax unified
  15              		.file	"main.c"
  16              		.text
  17              	.Ltext0:
  18              		.cfi_sections	.debug_frame
  19              		.section	.text.main,"ax",%progbits
  20              		.align	2
  21              		.global	main
  22              		.thumb
  23              		.thumb_func
  24              		.type	main, %function
  25              	main:
  26              	.LFB63:
  27              		.file 1 "main.c"
   1:main.c        **** /* ========================================
   2:main.c        ****  *
   3:main.c        ****  * Copyright YOUR COMPANY, THE YEAR
   4:main.c        ****  * All Rights Reserved
   5:main.c        ****  * UNPUBLISHED, LICENSED SOFTWARE.
   6:main.c        ****  *
   7:main.c        ****  * CONFIDENTIAL AND PROPRIETARY INFORMATION
   8:main.c        ****  * WHICH IS THE PROPERTY OF your company.
   9:main.c        ****  *
  10:main.c        ****  * ========================================
  11:main.c        **** */
  12:main.c        **** #include "project.h"
  13:main.c        **** uint16 count;
  14:main.c        **** uint8 de=1;
  15:main.c        **** 
  16:main.c        **** /*
  17:main.c        **** CY_ISR(INT_sw){
  18:main.c        ****     switch(sw_Read())
  19:main.c        ****     {
  20:main.c        ****         case 1:
  21:main.c        ****             if(count!=255)count++;
  22:main.c        ****             while(PWM_STATUS_TC==0);
  23:main.c        ****             PWM_WriteCompare(count);
  24:main.c        ****             break;
  25:main.c        ****         case 2:
  26:main.c        ****             if(count!=0)count--;
  27:main.c        ****             while(PWM_STATUS_TC==0);
  28:main.c        ****             PWM_WriteCompare(count);
  29:main.c        ****             break;
  30:main.c        ****             default:
ARM GAS  C:\Users\Dell\AppData\Local\Temp\cc2Oe39X.s 			page 2


  31:main.c        ****             
  32:main.c        ****             break;
  33:main.c        ****         }
  34:main.c        ****     sw_ClearInterrupt();
  35:main.c        ****     
  36:main.c        **** }
  37:main.c        ****     */
  38:main.c        **** int main(void)
  39:main.c        **** {
  28              		.loc 1 39 0
  29              		.cfi_startproc
  30              		@ Volatile: function does not return.
  31              		@ args = 0, pretend = 0, frame = 0
  32              		@ frame_needed = 0, uses_anonymous_args = 0
  33 0000 08B5     		push	{r3, lr}
  34              		.cfi_def_cfa_offset 8
  35              		.cfi_offset 3, -8
  36              		.cfi_offset 14, -4
  40:main.c        ****     LCD_Start();
  37              		.loc 1 40 0
  38 0002 FFF7FEFF 		bl	LCD_Start
  39              	.LVL0:
  41:main.c        ****     LCD_Position(0,3);
  40              		.loc 1 41 0
  41 0006 0321     		movs	r1, #3
  42 0008 0020     		movs	r0, #0
  43 000a FFF7FEFF 		bl	LCD_Position
  44              	.LVL1:
  42:main.c        ****     LCD_PrintString("Valor PWM:");
  45              		.loc 1 42 0
  46 000e 2548     		ldr	r0, .L10
  47 0010 FFF7FEFF 		bl	LCD_PrintString
  48              	.LVL2:
  43:main.c        ****     
  44:main.c        ****     
  45:main.c        ****     CyGlobalIntEnable; /* Enable global interrupts. */
  49              		.loc 1 45 0
  50              		.syntax unified
  51              	@ 45 "main.c" 1
  52 0014 62B6     		CPSIE   i
  53              	@ 0 "" 2
  46:main.c        **** 
  47:main.c        ****     /* Place your initialization/startup code here (e.g. MyInst_Start()) */
  48:main.c        ****     
  49:main.c        ****     PWM_Start();
  54              		.loc 1 49 0
  55              		.thumb
  56              		.syntax unified
  57 0016 FFF7FEFF 		bl	PWM_Start
  58              	.LVL3:
  50:main.c        ****     count=468;//90°
  59              		.loc 1 50 0
  60 001a 4FF4EA70 		mov	r0, #468
  61 001e 224B     		ldr	r3, .L10+4
  62 0020 1880     		strh	r0, [r3]	@ movhi
  51:main.c        ****     PWM_WriteCompare(count);
  63              		.loc 1 51 0
ARM GAS  C:\Users\Dell\AppData\Local\Temp\cc2Oe39X.s 			page 3


  64 0022 FFF7FEFF 		bl	PWM_WriteCompare
  65              	.LVL4:
  66              	.L8:
  52:main.c        **** 
  53:main.c        ****     for(;;)
  54:main.c        ****     {
  55:main.c        ****        /* Place your application code here. */
  56:main.c        ****     if (count>=780)//maximo 784 (180°)
  67              		.loc 1 56 0
  68 0026 204B     		ldr	r3, .L10+4
  69 0028 1B88     		ldrh	r3, [r3]
  70 002a B3F5437F 		cmp	r3, #780
  71 002e 02D3     		bcc	.L2
  57:main.c        ****     {
  58:main.c        **** 		de=0;
  72              		.loc 1 58 0
  73 0030 0021     		movs	r1, #0
  74 0032 1E4A     		ldr	r2, .L10+8
  75 0034 1170     		strb	r1, [r2]
  76              	.L2:
  59:main.c        **** 	}
  60:main.c        **** 	if(count<=154)//minimo 154(0°) ó 155 
  77              		.loc 1 60 0
  78 0036 9A2B     		cmp	r3, #154
  79 0038 02D8     		bhi	.L3
  61:main.c        ****     {
  62:main.c        **** 		de=1;
  80              		.loc 1 62 0
  81 003a 0121     		movs	r1, #1
  82 003c 1B4A     		ldr	r2, .L10+8
  83 003e 1170     		strb	r1, [r2]
  84              	.L3:
  63:main.c        **** 	}
  64:main.c        ****          if(de==1){//con una adiccion de 20 cambia 5° y con 40 cambia 10°
  85              		.loc 1 64 0
  86 0040 1A4A     		ldr	r2, .L10+8
  87 0042 1278     		ldrb	r2, [r2]	@ zero_extendqisi2
  88 0044 012A     		cmp	r2, #1
  89 0046 03D1     		bne	.L4
  65:main.c        ****             count=count+40;
  90              		.loc 1 65 0
  91 0048 2833     		adds	r3, r3, #40
  92 004a 174A     		ldr	r2, .L10+4
  93 004c 1380     		strh	r3, [r2]	@ movhi
  94 004e 02E0     		b	.L5
  95              	.L4:
  66:main.c        ****         }else{
  67:main.c        ****             count=count-40;}
  96              		.loc 1 67 0
  97 0050 283B     		subs	r3, r3, #40
  98 0052 154A     		ldr	r2, .L10+4
  99 0054 1380     		strh	r3, [r2]	@ movhi
 100              	.L5:
  68:main.c        ****         
  69:main.c        ****         while(PWM_STATUS_TC==0);
  70:main.c        ****         if(count<154)
 101              		.loc 1 70 0
ARM GAS  C:\Users\Dell\AppData\Local\Temp\cc2Oe39X.s 			page 4


 102 0056 144B     		ldr	r3, .L10+4
 103 0058 1B88     		ldrh	r3, [r3]
 104 005a 992B     		cmp	r3, #153
 105 005c 02D8     		bhi	.L6
  71:main.c        ****         {
  72:main.c        ****             count=154;
 106              		.loc 1 72 0
 107 005e 9A22     		movs	r2, #154
 108 0060 114B     		ldr	r3, .L10+4
 109 0062 1A80     		strh	r2, [r3]	@ movhi
 110              	.L6:
  73:main.c        ****         }
  74:main.c        ****         if (count>780)
 111              		.loc 1 74 0
 112 0064 104B     		ldr	r3, .L10+4
 113 0066 1B88     		ldrh	r3, [r3]
 114 0068 B3F5437F 		cmp	r3, #780
 115 006c 03D9     		bls	.L7
  75:main.c        ****         {
  76:main.c        ****             count=780;
 116              		.loc 1 76 0
 117 006e 4FF44372 		mov	r2, #780
 118 0072 0D4B     		ldr	r3, .L10+4
 119 0074 1A80     		strh	r2, [r3]	@ movhi
 120              	.L7:
  77:main.c        ****         }
  78:main.c        ****         PWM_WriteCompare(count);
 121              		.loc 1 78 0
 122 0076 0C4C     		ldr	r4, .L10+4
 123 0078 2088     		ldrh	r0, [r4]
 124 007a FFF7FEFF 		bl	PWM_WriteCompare
 125              	.LVL5:
  79:main.c        ****         LCD_Position(1,0);
 126              		.loc 1 79 0
 127 007e 0021     		movs	r1, #0
 128 0080 0120     		movs	r0, #1
 129 0082 FFF7FEFF 		bl	LCD_Position
 130              	.LVL6:
  80:main.c        ****         LCD_PrintString("            ");
 131              		.loc 1 80 0
 132 0086 0A48     		ldr	r0, .L10+12
 133 0088 FFF7FEFF 		bl	LCD_PrintString
 134              	.LVL7:
  81:main.c        ****         LCD_Position(1,0);
 135              		.loc 1 81 0
 136 008c 0021     		movs	r1, #0
 137 008e 0120     		movs	r0, #1
 138 0090 FFF7FEFF 		bl	LCD_Position
 139              	.LVL8:
  82:main.c        ****         LCD_PrintNumber(count);
 140              		.loc 1 82 0
 141 0094 2088     		ldrh	r0, [r4]
 142 0096 FFF7FEFF 		bl	LCD_PrintU32Number
 143              	.LVL9:
  83:main.c        ****             
  84:main.c        ****         CyDelay(1000);
 144              		.loc 1 84 0
ARM GAS  C:\Users\Dell\AppData\Local\Temp\cc2Oe39X.s 			page 5


 145 009a 4FF47A70 		mov	r0, #1000
 146 009e FFF7FEFF 		bl	CyDelay
 147              	.LVL10:
  85:main.c        ****      
  86:main.c        ****     }
 148              		.loc 1 86 0
 149 00a2 C0E7     		b	.L8
 150              	.L11:
 151              		.align	2
 152              	.L10:
 153 00a4 00000000 		.word	.LC0
 154 00a8 00000000 		.word	count
 155 00ac 00000000 		.word	.LANCHOR0
 156 00b0 0C000000 		.word	.LC1
 157              		.cfi_endproc
 158              	.LFE63:
 159              		.size	main, .-main
 160              		.global	de
 161              		.comm	count,2,2
 162              		.data
 163              		.set	.LANCHOR0,. + 0
 164              		.type	de, %object
 165              		.size	de, 1
 166              	de:
 167 0000 01       		.byte	1
 168              		.section	.rodata.str1.4,"aMS",%progbits,1
 169              		.align	2
 170              	.LC0:
 171 0000 56616C6F 		.ascii	"Valor PWM:\000"
 171      72205057 
 171      4D3A00
 172 000b 00       		.space	1
 173              	.LC1:
 174 000c 20202020 		.ascii	"            \000"
 174      20202020 
 174      20202020 
 174      00
 175              		.text
 176              	.Letext0:
 177              		.file 2 "c:\\program files (x86)\\cypress\\psoc creator\\4.2\\psoc creator\\import\\gnu\\arm\\5.4.
 178              		.file 3 "c:\\program files (x86)\\cypress\\psoc creator\\4.2\\psoc creator\\import\\gnu\\arm\\5.4.
 179              		.file 4 "Generated_Source\\PSoC5/cytypes.h"
 180              		.file 5 "Generated_Source\\PSoC5/core_cm3.h"
 181              		.file 6 "Generated_Source\\PSoC5/LCD.h"
 182              		.file 7 "Generated_Source\\PSoC5/PWM.h"
 183              		.file 8 "Generated_Source\\PSoC5/CyLib.h"
 184              		.section	.debug_info,"",%progbits
 185              	.Ldebug_info0:
 186 0000 12020000 		.4byte	0x212
 187 0004 0400     		.2byte	0x4
 188 0006 00000000 		.4byte	.Ldebug_abbrev0
 189 000a 04       		.byte	0x4
 190 000b 01       		.uleb128 0x1
 191 000c 2E000000 		.4byte	.LASF27
 192 0010 0C       		.byte	0xc
 193 0011 85010000 		.4byte	.LASF28
 194 0015 B4010000 		.4byte	.LASF29
ARM GAS  C:\Users\Dell\AppData\Local\Temp\cc2Oe39X.s 			page 6


 195 0019 00000000 		.4byte	.Ldebug_ranges0+0
 196 001d 00000000 		.4byte	0
 197 0021 00000000 		.4byte	.Ldebug_line0
 198 0025 02       		.uleb128 0x2
 199 0026 01       		.byte	0x1
 200 0027 06       		.byte	0x6
 201 0028 18020000 		.4byte	.LASF0
 202 002c 02       		.uleb128 0x2
 203 002d 01       		.byte	0x1
 204 002e 08       		.byte	0x8
 205 002f 20000000 		.4byte	.LASF1
 206 0033 02       		.uleb128 0x2
 207 0034 02       		.byte	0x2
 208 0035 05       		.byte	0x5
 209 0036 97010000 		.4byte	.LASF2
 210 003a 02       		.uleb128 0x2
 211 003b 02       		.byte	0x2
 212 003c 07       		.byte	0x7
 213 003d CE000000 		.4byte	.LASF3
 214 0041 03       		.uleb128 0x3
 215 0042 00000000 		.4byte	.LASF9
 216 0046 02       		.byte	0x2
 217 0047 3F       		.byte	0x3f
 218 0048 4C000000 		.4byte	0x4c
 219 004c 02       		.uleb128 0x2
 220 004d 04       		.byte	0x4
 221 004e 05       		.byte	0x5
 222 004f AB010000 		.4byte	.LASF4
 223 0053 02       		.uleb128 0x2
 224 0054 04       		.byte	0x4
 225 0055 07       		.byte	0x7
 226 0056 BC000000 		.4byte	.LASF5
 227 005a 02       		.uleb128 0x2
 228 005b 08       		.byte	0x8
 229 005c 05       		.byte	0x5
 230 005d 77010000 		.4byte	.LASF6
 231 0061 02       		.uleb128 0x2
 232 0062 08       		.byte	0x8
 233 0063 07       		.byte	0x7
 234 0064 2F010000 		.4byte	.LASF7
 235 0068 04       		.uleb128 0x4
 236 0069 04       		.byte	0x4
 237 006a 05       		.byte	0x5
 238 006b 696E7400 		.ascii	"int\000"
 239 006f 02       		.uleb128 0x2
 240 0070 04       		.byte	0x4
 241 0071 07       		.byte	0x7
 242 0072 22010000 		.4byte	.LASF8
 243 0076 03       		.uleb128 0x3
 244 0077 66010000 		.4byte	.LASF10
 245 007b 03       		.byte	0x3
 246 007c 2C       		.byte	0x2c
 247 007d 41000000 		.4byte	0x41
 248 0081 05       		.uleb128 0x5
 249 0082 1A000000 		.4byte	.LASF11
 250 0086 04       		.byte	0x4
 251 0087 E401     		.2byte	0x1e4
ARM GAS  C:\Users\Dell\AppData\Local\Temp\cc2Oe39X.s 			page 7


 252 0089 2C000000 		.4byte	0x2c
 253 008d 05       		.uleb128 0x5
 254 008e 1B010000 		.4byte	.LASF12
 255 0092 04       		.byte	0x4
 256 0093 E501     		.2byte	0x1e5
 257 0095 3A000000 		.4byte	0x3a
 258 0099 02       		.uleb128 0x2
 259 009a 04       		.byte	0x4
 260 009b 04       		.byte	0x4
 261 009c 0A000000 		.4byte	.LASF13
 262 00a0 02       		.uleb128 0x2
 263 00a1 08       		.byte	0x8
 264 00a2 04       		.byte	0x4
 265 00a3 EE000000 		.4byte	.LASF14
 266 00a7 02       		.uleb128 0x2
 267 00a8 01       		.byte	0x1
 268 00a9 08       		.byte	0x8
 269 00aa 8C010000 		.4byte	.LASF15
 270 00ae 02       		.uleb128 0x2
 271 00af 08       		.byte	0x8
 272 00b0 04       		.byte	0x4
 273 00b1 0C020000 		.4byte	.LASF16
 274 00b5 02       		.uleb128 0x2
 275 00b6 04       		.byte	0x4
 276 00b7 07       		.byte	0x7
 277 00b8 6E010000 		.4byte	.LASF17
 278 00bc 06       		.uleb128 0x6
 279 00bd 06010000 		.4byte	.LASF30
 280 00c1 01       		.byte	0x1
 281 00c2 26       		.byte	0x26
 282 00c3 68000000 		.4byte	0x68
 283 00c7 00000000 		.4byte	.LFB63
 284 00cb B4000000 		.4byte	.LFE63-.LFB63
 285 00cf 01       		.uleb128 0x1
 286 00d0 9C       		.byte	0x9c
 287 00d1 96010000 		.4byte	0x196
 288 00d5 07       		.uleb128 0x7
 289 00d6 06000000 		.4byte	.LVL0
 290 00da C8010000 		.4byte	0x1c8
 291 00de 08       		.uleb128 0x8
 292 00df 0E000000 		.4byte	.LVL1
 293 00e3 D3010000 		.4byte	0x1d3
 294 00e7 F6000000 		.4byte	0xf6
 295 00eb 09       		.uleb128 0x9
 296 00ec 01       		.uleb128 0x1
 297 00ed 50       		.byte	0x50
 298 00ee 01       		.uleb128 0x1
 299 00ef 30       		.byte	0x30
 300 00f0 09       		.uleb128 0x9
 301 00f1 01       		.uleb128 0x1
 302 00f2 51       		.byte	0x51
 303 00f3 01       		.uleb128 0x1
 304 00f4 33       		.byte	0x33
 305 00f5 00       		.byte	0
 306 00f6 08       		.uleb128 0x8
 307 00f7 14000000 		.4byte	.LVL2
 308 00fb DE010000 		.4byte	0x1de
ARM GAS  C:\Users\Dell\AppData\Local\Temp\cc2Oe39X.s 			page 8


 309 00ff 0D010000 		.4byte	0x10d
 310 0103 09       		.uleb128 0x9
 311 0104 01       		.uleb128 0x1
 312 0105 50       		.byte	0x50
 313 0106 05       		.uleb128 0x5
 314 0107 03       		.byte	0x3
 315 0108 00000000 		.4byte	.LC0
 316 010c 00       		.byte	0
 317 010d 07       		.uleb128 0x7
 318 010e 1A000000 		.4byte	.LVL3
 319 0112 E9010000 		.4byte	0x1e9
 320 0116 08       		.uleb128 0x8
 321 0117 26000000 		.4byte	.LVL4
 322 011b F4010000 		.4byte	0x1f4
 323 011f 2B010000 		.4byte	0x12b
 324 0123 09       		.uleb128 0x9
 325 0124 01       		.uleb128 0x1
 326 0125 50       		.byte	0x50
 327 0126 03       		.uleb128 0x3
 328 0127 0A       		.byte	0xa
 329 0128 D401     		.2byte	0x1d4
 330 012a 00       		.byte	0
 331 012b 07       		.uleb128 0x7
 332 012c 7E000000 		.4byte	.LVL5
 333 0130 F4010000 		.4byte	0x1f4
 334 0134 08       		.uleb128 0x8
 335 0135 86000000 		.4byte	.LVL6
 336 0139 D3010000 		.4byte	0x1d3
 337 013d 4C010000 		.4byte	0x14c
 338 0141 09       		.uleb128 0x9
 339 0142 01       		.uleb128 0x1
 340 0143 50       		.byte	0x50
 341 0144 01       		.uleb128 0x1
 342 0145 31       		.byte	0x31
 343 0146 09       		.uleb128 0x9
 344 0147 01       		.uleb128 0x1
 345 0148 51       		.byte	0x51
 346 0149 01       		.uleb128 0x1
 347 014a 30       		.byte	0x30
 348 014b 00       		.byte	0
 349 014c 08       		.uleb128 0x8
 350 014d 8C000000 		.4byte	.LVL7
 351 0151 DE010000 		.4byte	0x1de
 352 0155 63010000 		.4byte	0x163
 353 0159 09       		.uleb128 0x9
 354 015a 01       		.uleb128 0x1
 355 015b 50       		.byte	0x50
 356 015c 05       		.uleb128 0x5
 357 015d 03       		.byte	0x3
 358 015e 0C000000 		.4byte	.LC1
 359 0162 00       		.byte	0
 360 0163 08       		.uleb128 0x8
 361 0164 94000000 		.4byte	.LVL8
 362 0168 D3010000 		.4byte	0x1d3
 363 016c 7B010000 		.4byte	0x17b
 364 0170 09       		.uleb128 0x9
 365 0171 01       		.uleb128 0x1
ARM GAS  C:\Users\Dell\AppData\Local\Temp\cc2Oe39X.s 			page 9


 366 0172 50       		.byte	0x50
 367 0173 01       		.uleb128 0x1
 368 0174 31       		.byte	0x31
 369 0175 09       		.uleb128 0x9
 370 0176 01       		.uleb128 0x1
 371 0177 51       		.byte	0x51
 372 0178 01       		.uleb128 0x1
 373 0179 30       		.byte	0x30
 374 017a 00       		.byte	0
 375 017b 07       		.uleb128 0x7
 376 017c 9A000000 		.4byte	.LVL9
 377 0180 FF010000 		.4byte	0x1ff
 378 0184 0A       		.uleb128 0xa
 379 0185 A2000000 		.4byte	.LVL10
 380 0189 0A020000 		.4byte	0x20a
 381 018d 09       		.uleb128 0x9
 382 018e 01       		.uleb128 0x1
 383 018f 50       		.byte	0x50
 384 0190 03       		.uleb128 0x3
 385 0191 0A       		.byte	0xa
 386 0192 E803     		.2byte	0x3e8
 387 0194 00       		.byte	0
 388 0195 00       		.byte	0
 389 0196 0B       		.uleb128 0xb
 390 0197 E1000000 		.4byte	.LASF18
 391 019b 05       		.byte	0x5
 392 019c 1207     		.2byte	0x712
 393 019e A2010000 		.4byte	0x1a2
 394 01a2 0C       		.uleb128 0xc
 395 01a3 76000000 		.4byte	0x76
 396 01a7 0D       		.uleb128 0xd
 397 01a8 91010000 		.4byte	.LASF19
 398 01ac 01       		.byte	0x1
 399 01ad 0D       		.byte	0xd
 400 01ae 8D000000 		.4byte	0x8d
 401 01b2 05       		.uleb128 0x5
 402 01b3 03       		.byte	0x3
 403 01b4 00000000 		.4byte	count
 404 01b8 0E       		.uleb128 0xe
 405 01b9 646500   		.ascii	"de\000"
 406 01bc 01       		.byte	0x1
 407 01bd 0E       		.byte	0xe
 408 01be 81000000 		.4byte	0x81
 409 01c2 05       		.uleb128 0x5
 410 01c3 03       		.byte	0x3
 411 01c4 00000000 		.4byte	de
 412 01c8 0F       		.uleb128 0xf
 413 01c9 10000000 		.4byte	.LASF20
 414 01cd 10000000 		.4byte	.LASF20
 415 01d1 06       		.byte	0x6
 416 01d2 38       		.byte	0x38
 417 01d3 0F       		.uleb128 0xf
 418 01d4 46010000 		.4byte	.LASF21
 419 01d8 46010000 		.4byte	.LASF21
 420 01dc 06       		.byte	0x6
 421 01dd 3D       		.byte	0x3d
 422 01de 0F       		.uleb128 0xf
ARM GAS  C:\Users\Dell\AppData\Local\Temp\cc2Oe39X.s 			page 10


 423 01df 0B010000 		.4byte	.LASF22
 424 01e3 0B010000 		.4byte	.LASF22
 425 01e7 06       		.byte	0x6
 426 01e8 3C       		.byte	0x3c
 427 01e9 0F       		.uleb128 0xf
 428 01ea A1010000 		.4byte	.LASF23
 429 01ee A1010000 		.4byte	.LASF23
 430 01f2 07       		.byte	0x7
 431 01f3 92       		.byte	0x92
 432 01f4 0F       		.uleb128 0xf
 433 01f5 F5000000 		.4byte	.LASF24
 434 01f9 F5000000 		.4byte	.LASF24
 435 01fd 07       		.byte	0x7
 436 01fe C3       		.byte	0xc3
 437 01ff 0F       		.uleb128 0xf
 438 0200 53010000 		.4byte	.LASF25
 439 0204 53010000 		.4byte	.LASF25
 440 0208 06       		.byte	0x6
 441 0209 61       		.byte	0x61
 442 020a 0F       		.uleb128 0xf
 443 020b 24020000 		.4byte	.LASF26
 444 020f 24020000 		.4byte	.LASF26
 445 0213 08       		.byte	0x8
 446 0214 76       		.byte	0x76
 447 0215 00       		.byte	0
 448              		.section	.debug_abbrev,"",%progbits
 449              	.Ldebug_abbrev0:
 450 0000 01       		.uleb128 0x1
 451 0001 11       		.uleb128 0x11
 452 0002 01       		.byte	0x1
 453 0003 25       		.uleb128 0x25
 454 0004 0E       		.uleb128 0xe
 455 0005 13       		.uleb128 0x13
 456 0006 0B       		.uleb128 0xb
 457 0007 03       		.uleb128 0x3
 458 0008 0E       		.uleb128 0xe
 459 0009 1B       		.uleb128 0x1b
 460 000a 0E       		.uleb128 0xe
 461 000b 55       		.uleb128 0x55
 462 000c 17       		.uleb128 0x17
 463 000d 11       		.uleb128 0x11
 464 000e 01       		.uleb128 0x1
 465 000f 10       		.uleb128 0x10
 466 0010 17       		.uleb128 0x17
 467 0011 00       		.byte	0
 468 0012 00       		.byte	0
 469 0013 02       		.uleb128 0x2
 470 0014 24       		.uleb128 0x24
 471 0015 00       		.byte	0
 472 0016 0B       		.uleb128 0xb
 473 0017 0B       		.uleb128 0xb
 474 0018 3E       		.uleb128 0x3e
 475 0019 0B       		.uleb128 0xb
 476 001a 03       		.uleb128 0x3
 477 001b 0E       		.uleb128 0xe
 478 001c 00       		.byte	0
 479 001d 00       		.byte	0
ARM GAS  C:\Users\Dell\AppData\Local\Temp\cc2Oe39X.s 			page 11


 480 001e 03       		.uleb128 0x3
 481 001f 16       		.uleb128 0x16
 482 0020 00       		.byte	0
 483 0021 03       		.uleb128 0x3
 484 0022 0E       		.uleb128 0xe
 485 0023 3A       		.uleb128 0x3a
 486 0024 0B       		.uleb128 0xb
 487 0025 3B       		.uleb128 0x3b
 488 0026 0B       		.uleb128 0xb
 489 0027 49       		.uleb128 0x49
 490 0028 13       		.uleb128 0x13
 491 0029 00       		.byte	0
 492 002a 00       		.byte	0
 493 002b 04       		.uleb128 0x4
 494 002c 24       		.uleb128 0x24
 495 002d 00       		.byte	0
 496 002e 0B       		.uleb128 0xb
 497 002f 0B       		.uleb128 0xb
 498 0030 3E       		.uleb128 0x3e
 499 0031 0B       		.uleb128 0xb
 500 0032 03       		.uleb128 0x3
 501 0033 08       		.uleb128 0x8
 502 0034 00       		.byte	0
 503 0035 00       		.byte	0
 504 0036 05       		.uleb128 0x5
 505 0037 16       		.uleb128 0x16
 506 0038 00       		.byte	0
 507 0039 03       		.uleb128 0x3
 508 003a 0E       		.uleb128 0xe
 509 003b 3A       		.uleb128 0x3a
 510 003c 0B       		.uleb128 0xb
 511 003d 3B       		.uleb128 0x3b
 512 003e 05       		.uleb128 0x5
 513 003f 49       		.uleb128 0x49
 514 0040 13       		.uleb128 0x13
 515 0041 00       		.byte	0
 516 0042 00       		.byte	0
 517 0043 06       		.uleb128 0x6
 518 0044 2E       		.uleb128 0x2e
 519 0045 01       		.byte	0x1
 520 0046 3F       		.uleb128 0x3f
 521 0047 19       		.uleb128 0x19
 522 0048 03       		.uleb128 0x3
 523 0049 0E       		.uleb128 0xe
 524 004a 3A       		.uleb128 0x3a
 525 004b 0B       		.uleb128 0xb
 526 004c 3B       		.uleb128 0x3b
 527 004d 0B       		.uleb128 0xb
 528 004e 27       		.uleb128 0x27
 529 004f 19       		.uleb128 0x19
 530 0050 49       		.uleb128 0x49
 531 0051 13       		.uleb128 0x13
 532 0052 8701     		.uleb128 0x87
 533 0054 19       		.uleb128 0x19
 534 0055 11       		.uleb128 0x11
 535 0056 01       		.uleb128 0x1
 536 0057 12       		.uleb128 0x12
ARM GAS  C:\Users\Dell\AppData\Local\Temp\cc2Oe39X.s 			page 12


 537 0058 06       		.uleb128 0x6
 538 0059 40       		.uleb128 0x40
 539 005a 18       		.uleb128 0x18
 540 005b 9742     		.uleb128 0x2117
 541 005d 19       		.uleb128 0x19
 542 005e 01       		.uleb128 0x1
 543 005f 13       		.uleb128 0x13
 544 0060 00       		.byte	0
 545 0061 00       		.byte	0
 546 0062 07       		.uleb128 0x7
 547 0063 898201   		.uleb128 0x4109
 548 0066 00       		.byte	0
 549 0067 11       		.uleb128 0x11
 550 0068 01       		.uleb128 0x1
 551 0069 31       		.uleb128 0x31
 552 006a 13       		.uleb128 0x13
 553 006b 00       		.byte	0
 554 006c 00       		.byte	0
 555 006d 08       		.uleb128 0x8
 556 006e 898201   		.uleb128 0x4109
 557 0071 01       		.byte	0x1
 558 0072 11       		.uleb128 0x11
 559 0073 01       		.uleb128 0x1
 560 0074 31       		.uleb128 0x31
 561 0075 13       		.uleb128 0x13
 562 0076 01       		.uleb128 0x1
 563 0077 13       		.uleb128 0x13
 564 0078 00       		.byte	0
 565 0079 00       		.byte	0
 566 007a 09       		.uleb128 0x9
 567 007b 8A8201   		.uleb128 0x410a
 568 007e 00       		.byte	0
 569 007f 02       		.uleb128 0x2
 570 0080 18       		.uleb128 0x18
 571 0081 9142     		.uleb128 0x2111
 572 0083 18       		.uleb128 0x18
 573 0084 00       		.byte	0
 574 0085 00       		.byte	0
 575 0086 0A       		.uleb128 0xa
 576 0087 898201   		.uleb128 0x4109
 577 008a 01       		.byte	0x1
 578 008b 11       		.uleb128 0x11
 579 008c 01       		.uleb128 0x1
 580 008d 31       		.uleb128 0x31
 581 008e 13       		.uleb128 0x13
 582 008f 00       		.byte	0
 583 0090 00       		.byte	0
 584 0091 0B       		.uleb128 0xb
 585 0092 34       		.uleb128 0x34
 586 0093 00       		.byte	0
 587 0094 03       		.uleb128 0x3
 588 0095 0E       		.uleb128 0xe
 589 0096 3A       		.uleb128 0x3a
 590 0097 0B       		.uleb128 0xb
 591 0098 3B       		.uleb128 0x3b
 592 0099 05       		.uleb128 0x5
 593 009a 49       		.uleb128 0x49
ARM GAS  C:\Users\Dell\AppData\Local\Temp\cc2Oe39X.s 			page 13


 594 009b 13       		.uleb128 0x13
 595 009c 3F       		.uleb128 0x3f
 596 009d 19       		.uleb128 0x19
 597 009e 3C       		.uleb128 0x3c
 598 009f 19       		.uleb128 0x19
 599 00a0 00       		.byte	0
 600 00a1 00       		.byte	0
 601 00a2 0C       		.uleb128 0xc
 602 00a3 35       		.uleb128 0x35
 603 00a4 00       		.byte	0
 604 00a5 49       		.uleb128 0x49
 605 00a6 13       		.uleb128 0x13
 606 00a7 00       		.byte	0
 607 00a8 00       		.byte	0
 608 00a9 0D       		.uleb128 0xd
 609 00aa 34       		.uleb128 0x34
 610 00ab 00       		.byte	0
 611 00ac 03       		.uleb128 0x3
 612 00ad 0E       		.uleb128 0xe
 613 00ae 3A       		.uleb128 0x3a
 614 00af 0B       		.uleb128 0xb
 615 00b0 3B       		.uleb128 0x3b
 616 00b1 0B       		.uleb128 0xb
 617 00b2 49       		.uleb128 0x49
 618 00b3 13       		.uleb128 0x13
 619 00b4 3F       		.uleb128 0x3f
 620 00b5 19       		.uleb128 0x19
 621 00b6 02       		.uleb128 0x2
 622 00b7 18       		.uleb128 0x18
 623 00b8 00       		.byte	0
 624 00b9 00       		.byte	0
 625 00ba 0E       		.uleb128 0xe
 626 00bb 34       		.uleb128 0x34
 627 00bc 00       		.byte	0
 628 00bd 03       		.uleb128 0x3
 629 00be 08       		.uleb128 0x8
 630 00bf 3A       		.uleb128 0x3a
 631 00c0 0B       		.uleb128 0xb
 632 00c1 3B       		.uleb128 0x3b
 633 00c2 0B       		.uleb128 0xb
 634 00c3 49       		.uleb128 0x49
 635 00c4 13       		.uleb128 0x13
 636 00c5 3F       		.uleb128 0x3f
 637 00c6 19       		.uleb128 0x19
 638 00c7 02       		.uleb128 0x2
 639 00c8 18       		.uleb128 0x18
 640 00c9 00       		.byte	0
 641 00ca 00       		.byte	0
 642 00cb 0F       		.uleb128 0xf
 643 00cc 2E       		.uleb128 0x2e
 644 00cd 00       		.byte	0
 645 00ce 3F       		.uleb128 0x3f
 646 00cf 19       		.uleb128 0x19
 647 00d0 3C       		.uleb128 0x3c
 648 00d1 19       		.uleb128 0x19
 649 00d2 6E       		.uleb128 0x6e
 650 00d3 0E       		.uleb128 0xe
ARM GAS  C:\Users\Dell\AppData\Local\Temp\cc2Oe39X.s 			page 14


 651 00d4 03       		.uleb128 0x3
 652 00d5 0E       		.uleb128 0xe
 653 00d6 3A       		.uleb128 0x3a
 654 00d7 0B       		.uleb128 0xb
 655 00d8 3B       		.uleb128 0x3b
 656 00d9 0B       		.uleb128 0xb
 657 00da 00       		.byte	0
 658 00db 00       		.byte	0
 659 00dc 00       		.byte	0
 660              		.section	.debug_aranges,"",%progbits
 661 0000 1C000000 		.4byte	0x1c
 662 0004 0200     		.2byte	0x2
 663 0006 00000000 		.4byte	.Ldebug_info0
 664 000a 04       		.byte	0x4
 665 000b 00       		.byte	0
 666 000c 0000     		.2byte	0
 667 000e 0000     		.2byte	0
 668 0010 00000000 		.4byte	.LFB63
 669 0014 B4000000 		.4byte	.LFE63-.LFB63
 670 0018 00000000 		.4byte	0
 671 001c 00000000 		.4byte	0
 672              		.section	.debug_ranges,"",%progbits
 673              	.Ldebug_ranges0:
 674 0000 00000000 		.4byte	.LFB63
 675 0004 B4000000 		.4byte	.LFE63
 676 0008 00000000 		.4byte	0
 677 000c 00000000 		.4byte	0
 678              		.section	.debug_line,"",%progbits
 679              	.Ldebug_line0:
 680 0000 97010000 		.section	.debug_str,"MS",%progbits,1
 680      02006901 
 680      00000201 
 680      FB0E0D00 
 680      01010101 
 681              	.LASF9:
 682 0000 5F5F696E 		.ascii	"__int32_t\000"
 682      7433325F 
 682      7400
 683              	.LASF13:
 684 000a 666C6F61 		.ascii	"float\000"
 684      7400
 685              	.LASF20:
 686 0010 4C43445F 		.ascii	"LCD_Start\000"
 686      53746172 
 686      7400
 687              	.LASF11:
 688 001a 75696E74 		.ascii	"uint8\000"
 688      3800
 689              	.LASF1:
 690 0020 756E7369 		.ascii	"unsigned char\000"
 690      676E6564 
 690      20636861 
 690      7200
 691              	.LASF27:
 692 002e 474E5520 		.ascii	"GNU C11 5.4.1 20160609 (release) [ARM/embedded-5-br"
 692      43313120 
 692      352E342E 
ARM GAS  C:\Users\Dell\AppData\Local\Temp\cc2Oe39X.s 			page 15


 692      31203230 
 692      31363036 
 693 0061 616E6368 		.ascii	"anch revision 237715] -mcpu=cortex-m3 -mthumb -g -O"
 693      20726576 
 693      6973696F 
 693      6E203233 
 693      37373135 
 694 0094 67202D66 		.ascii	"g -ffunction-sections -ffat-lto-objects\000"
 694      66756E63 
 694      74696F6E 
 694      2D736563 
 694      74696F6E 
 695              	.LASF5:
 696 00bc 6C6F6E67 		.ascii	"long unsigned int\000"
 696      20756E73 
 696      69676E65 
 696      6420696E 
 696      7400
 697              	.LASF3:
 698 00ce 73686F72 		.ascii	"short unsigned int\000"
 698      7420756E 
 698      7369676E 
 698      65642069 
 698      6E7400
 699              	.LASF18:
 700 00e1 49544D5F 		.ascii	"ITM_RxBuffer\000"
 700      52784275 
 700      66666572 
 700      00
 701              	.LASF14:
 702 00ee 646F7562 		.ascii	"double\000"
 702      6C6500
 703              	.LASF24:
 704 00f5 50574D5F 		.ascii	"PWM_WriteCompare\000"
 704      57726974 
 704      65436F6D 
 704      70617265 
 704      00
 705              	.LASF30:
 706 0106 6D61696E 		.ascii	"main\000"
 706      00
 707              	.LASF22:
 708 010b 4C43445F 		.ascii	"LCD_PrintString\000"
 708      5072696E 
 708      74537472 
 708      696E6700 
 709              	.LASF12:
 710 011b 75696E74 		.ascii	"uint16\000"
 710      313600
 711              	.LASF8:
 712 0122 756E7369 		.ascii	"unsigned int\000"
 712      676E6564 
 712      20696E74 
 712      00
 713              	.LASF7:
 714 012f 6C6F6E67 		.ascii	"long long unsigned int\000"
 714      206C6F6E 
ARM GAS  C:\Users\Dell\AppData\Local\Temp\cc2Oe39X.s 			page 16


 714      6720756E 
 714      7369676E 
 714      65642069 
 715              	.LASF21:
 716 0146 4C43445F 		.ascii	"LCD_Position\000"
 716      506F7369 
 716      74696F6E 
 716      00
 717              	.LASF25:
 718 0153 4C43445F 		.ascii	"LCD_PrintU32Number\000"
 718      5072696E 
 718      74553332 
 718      4E756D62 
 718      657200
 719              	.LASF10:
 720 0166 696E7433 		.ascii	"int32_t\000"
 720      325F7400 
 721              	.LASF17:
 722 016e 73697A65 		.ascii	"sizetype\000"
 722      74797065 
 722      00
 723              	.LASF6:
 724 0177 6C6F6E67 		.ascii	"long long int\000"
 724      206C6F6E 
 724      6720696E 
 724      7400
 725              	.LASF28:
 726 0185 6D61696E 		.ascii	"main.c\000"
 726      2E6300
 727              	.LASF15:
 728 018c 63686172 		.ascii	"char\000"
 728      00
 729              	.LASF19:
 730 0191 636F756E 		.ascii	"count\000"
 730      7400
 731              	.LASF2:
 732 0197 73686F72 		.ascii	"short int\000"
 732      7420696E 
 732      7400
 733              	.LASF23:
 734 01a1 50574D5F 		.ascii	"PWM_Start\000"
 734      53746172 
 734      7400
 735              	.LASF4:
 736 01ab 6C6F6E67 		.ascii	"long int\000"
 736      20696E74 
 736      00
 737              	.LASF29:
 738 01b4 443A5C4D 		.ascii	"D:\\Mis Documentos\\SEBASTIAN\\embebidos I\\proyect"
 738      69732044 
 738      6F63756D 
 738      656E746F 
 738      735C5345 
 739 01e3 6F5F7265 		.ascii	"o_reloj\\Workspace01\\reloj_mecanico.cydsn\000"
 739      6C6F6A5C 
 739      576F726B 
 739      73706163 
ARM GAS  C:\Users\Dell\AppData\Local\Temp\cc2Oe39X.s 			page 17


 739      6530315C 
 740              	.LASF16:
 741 020c 6C6F6E67 		.ascii	"long double\000"
 741      20646F75 
 741      626C6500 
 742              	.LASF0:
 743 0218 7369676E 		.ascii	"signed char\000"
 743      65642063 
 743      68617200 
 744              	.LASF26:
 745 0224 43794465 		.ascii	"CyDelay\000"
 745      6C617900 
 746              		.ident	"GCC: (GNU Tools for ARM Embedded Processors) 5.4.1 20160609 (release) [ARM/embedded-5-bran
